<?xml version="1.0" encoding="UTF-8"?>
<!-- Generated by org.testng.reporters.JUnitReportReporter -->
<testsuite hostname="马宇超-PC" name="com.zhongzheng.selenium.Test.FlipTest" tests="1" failures="0" timestamp="1 Sep 2015 08:42:58 GMT" time="19.129" errors="0">
  <testcase name="flipTest" time="19.129" classname="com.zhongzheng.selenium.Test.FlipTest"/>
</testsuite> <!-- com.zhongzheng.selenium.Test.FlipTest -->
