<?xml version="1.0" encoding="UTF-8"?>
<!-- Generated by org.testng.reporters.JUnitReportReporter -->
<testsuite hostname="马宇超-PC" name="com.zhongzheng.selenium.Test.IndexTest" tests="1" failures="0" timestamp="1 Sep 2015 08:42:58 GMT" time="9.230" errors="0">
  <testcase name="searchTest" time="9.230" classname="com.zhongzheng.selenium.Test.IndexTest"/>
</testsuite> <!-- com.zhongzheng.selenium.Test.IndexTest -->
